<?xml version="1.0" encoding="UTF-8"?>
<!-- Generated by org.testng.reporters.JUnitXMLReporter -->
<testsuite hostname="AbolisMacBook-Pro.local" name="HubSpot Application Automation regression Test" tests="6" failures="2" timestamp="13 Apr 2020 11:19:26 GMT" time="207.722" errors="0">
  <testcase name="verifyLoginPageTitle" time="60.126" classname="com.qa.HubspotTestCases.HubSpotLoginTest">
    <failure type="org.openqa.selenium.TimeoutException" message="Expected condition failed: waiting for title to be &amp;quot;HubSpot | Redirecting...&amp;quot;. Current title: &amp;quot;HubSpot Login&amp;quot; (tried for 50 second(s) with 500 milliseconds interval)
Build info: version: &amp;apos;3.141.59&amp;apos;, revision: &amp;apos;e82be7d358&amp;apos;, time: &amp;apos;2018-11-14T08:17:03&amp;apos;
System info: host: &amp;apos;AbolisMacBook-Pro.local&amp;apos;, ip: &amp;apos;fe80:0:0:0:fc:ecc4:5405:df6e%en0&amp;apos;, os.name: &amp;apos;Mac OS X&amp;apos;, os.arch: &amp;apos;x86_64&amp;apos;, os.version: &amp;apos;10.15.3&amp;apos;, java.version: &amp;apos;1.8.0_211&amp;apos;
Driver info: org.openqa.selenium.chrome.ChromeDriver
Capabilities {acceptInsecureCerts: false, browserName: chrome, browserVersion: 81.0.4044.92, chrome: {chromedriverVersion: 80.0.3987.106 (f68069574609..., userDataDir: /var/folders/gf/rkb70w0d64l...}, goog:chromeOptions: {debuggerAddress: localhost:54992}, javascriptEnabled: true, networkConnectionEnabled: false, pageLoadStrategy: normal, platform: MAC, platformName: MAC, proxy: Proxy(), setWindowRect: true, strictFileInteractability: false, timeouts: {implicit: 0, pageLoad: 300000, script: 30000}, unhandledPromptBehavior: dismiss and notify}
Session ID: 9fd4378487ab64357273cc5f60147e1c">
      <![CDATA[org.openqa.selenium.TimeoutException: Expected condition failed: waiting for title to be "HubSpot | Redirecting...". Current title: "HubSpot Login" (tried for 50 second(s) with 500 milliseconds interval)
Build info: version: '3.141.59', revision: 'e82be7d358', time: '2018-11-14T08:17:03'
System info: host: 'AbolisMacBook-Pro.local', ip: 'fe80:0:0:0:fc:ecc4:5405:df6e%en0', os.name: 'Mac OS X', os.arch: 'x86_64', os.version: '10.15.3', java.version: '1.8.0_211'
Driver info: org.openqa.selenium.chrome.ChromeDriver
Capabilities {acceptInsecureCerts: false, browserName: chrome, browserVersion: 81.0.4044.92, chrome: {chromedriverVersion: 80.0.3987.106 (f68069574609..., userDataDir: /var/folders/gf/rkb70w0d64l...}, goog:chromeOptions: {debuggerAddress: localhost:54992}, javascriptEnabled: true, networkConnectionEnabled: false, pageLoadStrategy: normal, platform: MAC, platformName: MAC, proxy: Proxy(), setWindowRect: true, strictFileInteractability: false, timeouts: {implicit: 0, pageLoad: 300000, script: 30000}, unhandledPromptBehavior: dismiss and notify}
Session ID: 9fd4378487ab64357273cc5f60147e1c
	at org.openqa.selenium.support.ui.WebDriverWait.timeoutException(WebDriverWait.java:95)
	at org.openqa.selenium.support.ui.FluentWait.until(FluentWait.java:272)
	at com.qa.HubSpotUtil.ElementsUtil.waitForTitle(ElementsUtil.java:38)
	at com.qa.HubSpotUIPages.HubSpotLoginPage.getTitle(HubSpotLoginPage.java:33)
	at com.qa.HubspotTestCases.HubSpotLoginTest.verifyLoginPageTitle(HubSpotLoginTest.java:47)
... Removed 24 stack frames]]>
    </failure>
  </testcase> <!-- verifyLoginPageTitle -->
  <testcase name="verifySignUpLink" time="10.72" classname="com.qa.HubspotTestCases.HubSpotLoginTest"/>
  <testcase name="loginTest" time="12.523" classname="com.qa.HubspotTestCases.HubSpotLoginTest"/>
  <testcase name="getHomePageTitleTest" time="60.085" classname="com.qa.HubspotTestCases.HubSpotHomeTest">
    <failure type="org.openqa.selenium.TimeoutException" message="Expected condition failed: waiting for title to be &amp;quot;HubSpot Login&amp;quot;. Current title: &amp;quot;Reports dashboard&amp;quot; (tried for 50 second(s) with 500 milliseconds interval)
Build info: version: &amp;apos;3.141.59&amp;apos;, revision: &amp;apos;e82be7d358&amp;apos;, time: &amp;apos;2018-11-14T08:17:03&amp;apos;
System info: host: &amp;apos;AbolisMacBook-Pro.local&amp;apos;, ip: &amp;apos;fe80:0:0:0:fc:ecc4:5405:df6e%en0&amp;apos;, os.name: &amp;apos;Mac OS X&amp;apos;, os.arch: &amp;apos;x86_64&amp;apos;, os.version: &amp;apos;10.15.3&amp;apos;, java.version: &amp;apos;1.8.0_211&amp;apos;
Driver info: org.openqa.selenium.chrome.ChromeDriver
Capabilities {acceptInsecureCerts: false, browserName: chrome, browserVersion: 81.0.4044.92, chrome: {chromedriverVersion: 80.0.3987.106 (f68069574609..., userDataDir: /var/folders/gf/rkb70w0d64l...}, goog:chromeOptions: {debuggerAddress: localhost:54926}, javascriptEnabled: true, networkConnectionEnabled: false, pageLoadStrategy: normal, platform: MAC, platformName: MAC, proxy: Proxy(), setWindowRect: true, strictFileInteractability: false, timeouts: {implicit: 0, pageLoad: 300000, script: 30000}, unhandledPromptBehavior: dismiss and notify}
Session ID: c4e4c1f6e5ba05c42771f77c5aab58f3">
      <![CDATA[org.openqa.selenium.TimeoutException: Expected condition failed: waiting for title to be "HubSpot Login". Current title: "Reports dashboard" (tried for 50 second(s) with 500 milliseconds interval)
Build info: version: '3.141.59', revision: 'e82be7d358', time: '2018-11-14T08:17:03'
System info: host: 'AbolisMacBook-Pro.local', ip: 'fe80:0:0:0:fc:ecc4:5405:df6e%en0', os.name: 'Mac OS X', os.arch: 'x86_64', os.version: '10.15.3', java.version: '1.8.0_211'
Driver info: org.openqa.selenium.chrome.ChromeDriver
Capabilities {acceptInsecureCerts: false, browserName: chrome, browserVersion: 81.0.4044.92, chrome: {chromedriverVersion: 80.0.3987.106 (f68069574609..., userDataDir: /var/folders/gf/rkb70w0d64l...}, goog:chromeOptions: {debuggerAddress: localhost:54926}, javascriptEnabled: true, networkConnectionEnabled: false, pageLoadStrategy: normal, platform: MAC, platformName: MAC, proxy: Proxy(), setWindowRect: true, strictFileInteractability: false, timeouts: {implicit: 0, pageLoad: 300000, script: 30000}, unhandledPromptBehavior: dismiss and notify}
Session ID: c4e4c1f6e5ba05c42771f77c5aab58f3
	at org.openqa.selenium.support.ui.WebDriverWait.timeoutException(WebDriverWait.java:95)
	at org.openqa.selenium.support.ui.FluentWait.until(FluentWait.java:272)
	at com.qa.HubSpotUtil.ElementsUtil.waitForTitle(ElementsUtil.java:38)
	at com.qa.HubSpotUIPages.HubSpotHomePage.getHomePageTitle(HubSpotHomePage.java:30)
	at com.qa.HubspotTestCases.HubSpotHomeTest.getHomePageTitleTest(HubSpotHomeTest.java:47)
... Removed 24 stack frames]]>
    </failure>
  </testcase> <!-- getHomePageTitleTest -->
  <testcase name="homePageHeaderTest" time="10.755" classname="com.qa.HubspotTestCases.HubSpotHomeTest"/>
  <testcase name="getUserNameTest" time="11.47" classname="com.qa.HubspotTestCases.HubSpotHomeTest"/>
</testsuite> <!-- HubSpot Application Automation regression Test -->
