<!DOCTYPE html>

<html>
  <head>
  <title>TestNG reports</title>

    <link type="text/css" href="testng-reports.css" rel="stylesheet" />  
    <script type="text/javascript" src="jquery-1.7.1.min.js"></script>
    <script type="text/javascript" src="testng-reports.js"></script>
    <script type="text/javascript" src="https://www.google.com/jsapi"></script>
    <script type='text/javascript'>
      google.load('visualization', '1', {packages:['table']});
      google.setOnLoadCallback(drawTable);
      var suiteTableInitFunctions = new Array();
      var suiteTableData = new Array();
    </script>
    <!--
      <script type="text/javascript" src="jquery-ui/js/jquery-ui-1.8.16.custom.min.js"></script>
     -->
  </head>

  <body>
    <div class="top-banner-root">
      <span class="top-banner-title-font">Test results</span>
      <br/>
      <span class="top-banner-font-1">1 suite, 2 failed tests</span>
    </div> <!-- top-banner-root -->
    <div class="navigator-root">
      <div class="navigator-suite-header">
        <span>All suites</span>
        <a href="#" class="collapse-all-link" title="Collapse/expand all the suites">
          <img class="collapse-all-icon" src="collapseall.gif">
          </img> <!-- collapse-all-icon -->
        </a> <!-- collapse-all-link -->
      </div> <!-- navigator-suite-header -->
      <div class="suite">
        <div class="rounded-window">
          <div class="suite-header light-rounded-window-top">
            <a href="#" class="navigator-link" panel-name="suite-_HubSpot_Application_Automation_Regression_Test_Suite">
              <span class="suite-name border-failed"> HubSpot Application Automation Regression Test Suite</span>
            </a> <!-- navigator-link -->
          </div> <!-- suite-header light-rounded-window-top -->
          <div class="navigator-suite-content">
            <div class="suite-section-title">
              <span>Info</span>
            </div> <!-- suite-section-title -->
            <div class="suite-section-content">
              <ul>
                <li>
                  <a href="#" class="navigator-link " panel-name="test-xml-_HubSpot_Application_Automation_Regression_Test_Suite">
                    <span>testNG.xml</span>
                  </a> <!-- navigator-link  -->
                </li>
                <li>
                  <a href="#" class="navigator-link " panel-name="testlist-_HubSpot_Application_Automation_Regression_Test_Suite">
                    <span class="test-stats">1 test</span>
                  </a> <!-- navigator-link  -->
                </li>
                <li>
                  <a href="#" class="navigator-link " panel-name="group-_HubSpot_Application_Automation_Regression_Test_Suite">
                    <span>0 groups</span>
                  </a> <!-- navigator-link  -->
                </li>
                <li>
                  <a href="#" class="navigator-link " panel-name="times-_HubSpot_Application_Automation_Regression_Test_Suite">
                    <span>Times</span>
                  </a> <!-- navigator-link  -->
                </li>
                <li>
                  <a href="#" class="navigator-link " panel-name="reporter-_HubSpot_Application_Automation_Regression_Test_Suite">
                    <span>Reporter output</span>
                  </a> <!-- navigator-link  -->
                </li>
                <li>
                  <a href="#" class="navigator-link " panel-name="ignored-methods-_HubSpot_Application_Automation_Regression_Test_Suite">
                    <span>Ignored methods</span>
                  </a> <!-- navigator-link  -->
                </li>
                <li>
                  <a href="#" class="navigator-link " panel-name="chronological-_HubSpot_Application_Automation_Regression_Test_Suite">
                    <span>Chronological view</span>
                  </a> <!-- navigator-link  -->
                </li>
              </ul>
            </div> <!-- suite-section-content -->
            <div class="result-section">
              <div class="suite-section-title">
                <span>Results</span>
              </div> <!-- suite-section-title -->
              <div class="suite-section-content">
                <ul>
                  <li>
                    <span class="method-stats">6 methods, 2 failed,   4 passed</span>
                  </li>
                  <li>
                    <span class="method-list-title failed">Failed methods</span>
                    <span class="show-or-hide-methods failed">
                      <a href="#" panel-name="suite-_HubSpot_Application_Automation_Regression_Test_Suite" class="hide-methods failed suite-_HubSpot_Application_Automation_Regression_Test_Suite"> (hide)</a> <!-- hide-methods failed suite-_HubSpot_Application_Automation_Regression_Test_Suite -->
                      <a href="#" panel-name="suite-_HubSpot_Application_Automation_Regression_Test_Suite" class="show-methods failed suite-_HubSpot_Application_Automation_Regression_Test_Suite"> (show)</a> <!-- show-methods failed suite-_HubSpot_Application_Automation_Regression_Test_Suite -->
                    </span>
                    <div class="method-list-content failed suite-_HubSpot_Application_Automation_Regression_Test_Suite">
                      <span>
                        <img width="3%" src="failed.png"/>
                        <a href="#" class="method navigator-link" panel-name="suite-_HubSpot_Application_Automation_Regression_Test_Suite" title="com.qa.HubspotTestCases.HubSpotHomeTest" hash-for-method="getHomePageTitleTest">getHomePageTitleTest</a> <!-- method navigator-link -->
                      </span>
                      <br/>
                      <span>
                        <img width="3%" src="failed.png"/>
                        <a href="#" class="method navigator-link" panel-name="suite-_HubSpot_Application_Automation_Regression_Test_Suite" title="com.qa.HubspotTestCases.HubSpotLoginTest" hash-for-method="verifyLoginPageTitle">verifyLoginPageTitle</a> <!-- method navigator-link -->
                      </span>
                      <br/>
                    </div> <!-- method-list-content failed suite-_HubSpot_Application_Automation_Regression_Test_Suite -->
                  </li>
                  <li>
                    <span class="method-list-title passed">Passed methods</span>
                    <span class="show-or-hide-methods passed">
                      <a href="#" panel-name="suite-_HubSpot_Application_Automation_Regression_Test_Suite" class="hide-methods passed suite-_HubSpot_Application_Automation_Regression_Test_Suite"> (hide)</a> <!-- hide-methods passed suite-_HubSpot_Application_Automation_Regression_Test_Suite -->
                      <a href="#" panel-name="suite-_HubSpot_Application_Automation_Regression_Test_Suite" class="show-methods passed suite-_HubSpot_Application_Automation_Regression_Test_Suite"> (show)</a> <!-- show-methods passed suite-_HubSpot_Application_Automation_Regression_Test_Suite -->
                    </span>
                    <div class="method-list-content passed suite-_HubSpot_Application_Automation_Regression_Test_Suite">
                      <span>
                        <img width="3%" src="passed.png"/>
                        <a href="#" class="method navigator-link" panel-name="suite-_HubSpot_Application_Automation_Regression_Test_Suite" title="com.qa.HubspotTestCases.HubSpotHomeTest" hash-for-method="getUserNameTest">getUserNameTest</a> <!-- method navigator-link -->
                      </span>
                      <br/>
                      <span>
                        <img width="3%" src="passed.png"/>
                        <a href="#" class="method navigator-link" panel-name="suite-_HubSpot_Application_Automation_Regression_Test_Suite" title="com.qa.HubspotTestCases.HubSpotHomeTest" hash-for-method="homePageHeaderTest">homePageHeaderTest</a> <!-- method navigator-link -->
                      </span>
                      <br/>
                      <span>
                        <img width="3%" src="passed.png"/>
                        <a href="#" class="method navigator-link" panel-name="suite-_HubSpot_Application_Automation_Regression_Test_Suite" title="com.qa.HubspotTestCases.HubSpotLoginTest" hash-for-method="loginTest">loginTest</a> <!-- method navigator-link -->
                      </span>
                      <br/>
                      <span>
                        <img width="3%" src="passed.png"/>
                        <a href="#" class="method navigator-link" panel-name="suite-_HubSpot_Application_Automation_Regression_Test_Suite" title="com.qa.HubspotTestCases.HubSpotLoginTest" hash-for-method="verifySignUpLink">verifySignUpLink</a> <!-- method navigator-link -->
                      </span>
                      <br/>
                    </div> <!-- method-list-content passed suite-_HubSpot_Application_Automation_Regression_Test_Suite -->
                  </li>
                </ul>
              </div> <!-- suite-section-content -->
            </div> <!-- result-section -->
          </div> <!-- navigator-suite-content -->
        </div> <!-- rounded-window -->
      </div> <!-- suite -->
    </div> <!-- navigator-root -->
    <div class="wrapper">
      <div class="main-panel-root">
        <div panel-name="suite-_HubSpot_Application_Automation_Regression_Test_Suite" class="panel _HubSpot_Application_Automation_Regression_Test_Suite">
          <div class="suite-_HubSpot_Application_Automation_Regression_Test_Suite-class-failed">
            <div class="main-panel-header rounded-window-top">
              <img src="failed.png"/>
              <span class="class-name">com.qa.HubspotTestCases.HubSpotHomeTest</span>
            </div> <!-- main-panel-header rounded-window-top -->
            <div class="main-panel-content rounded-window-bottom">
              <div class="method">
                <div class="method-content">
                  <a name="getHomePageTitleTest">
                  </a> <!-- getHomePageTitleTest -->
                  <span class="method-name">getHomePageTitleTest</span>
                  <div class="stack-trace"><b>"org.openqa.selenium.TimeoutException: Expected condition failed: waiting for title to be &quot;HubSpot Login&quot;. Current title: &quot;Reports dashboard&quot; (tried for 50 second(s) with 500 milliseconds interval)
Build info: version: &apos;3.141.59&apos;, revision: &apos;e82be7d358&apos;, time: &apos;2018-11-14T08:17:03&apos;
System info: host: &apos;AbolisMacBook-Pro.local&apos;, ip: &apos;fe80:0:0:0:fc:ecc4:5405:df6e%en0&apos;, os.name: &apos;Mac OS X&apos;, os.arch: &apos;x86_64&apos;, os.version: &apos;10.15.3&apos;, java.version: &apos;1.8.0_211&apos;
Driver info: org.openqa.selenium.chrome.ChromeDriver
Capabilities {acceptInsecureCerts: false, browserName: chrome, browserVersion: 81.0.4044.92, chrome: {chromedriverVersion: 80.0.3987.106 (f68069574609..., userDataDir: /var/folders/gf/rkb70w0d64l...}, goog:chromeOptions: {debuggerAddress: localhost:54926}, javascriptEnabled: true, networkConnectionEnabled: false, pageLoadStrategy: normal, platform: MAC, platformName: MAC, proxy: Proxy(), setWindowRect: true, strictFileInteractability: false, timeouts: {implicit: 0, pageLoad: 300000, script: 30000}, unhandledPromptBehavior: dismiss and notify}
Session ID: c4e4c1f6e5ba05c42771f77c5aab58f3
	at org.openqa.selenium.support.ui.WebDriverWait.timeoutException(WebDriverWait.java:95)
	at org.openqa.selenium.support.ui.FluentWait.until(FluentWait.java:272)
	at com.qa.HubSpotUtil.ElementsUtil.waitForTitle(ElementsUtil.java:38)
	at com.qa.HubSpotUIPages.HubSpotHomePage.getHomePageTitle(HubSpotHomePage.java:30)
	at com.qa.HubspotTestCases.HubSpotHomeTest.getHomePageTitleTest(HubSpotHomeTest.java:47)
... Removed 24 stack frames<br/> org.openqa.selenium.TimeoutException: Expected condition failed: waiting for title to be &quot;HubSpot Login&quot;. Current title: &quot;Reports dashboard&quot; (tried for 50 second(s) with 500 milliseconds interval)
Build info: version: &apos;3.141.59&apos;, revision: &apos;e82be7d358&apos;, time: &apos;2018-11-14T08:17:03&apos;
System info: host: &apos;AbolisMacBook-Pro.local&apos;, ip: &apos;fe80:0:0:0:fc:ecc4:5405:df6e%en0&apos;, os.name: &apos;Mac OS X&apos;, os.arch: &apos;x86_64&apos;, os.version: &apos;10.15.3&apos;, java.version: &apos;1.8.0_211&apos;
Driver info: org.openqa.selenium.chrome.ChromeDriver
Capabilities {acceptInsecureCerts: false, browserName: chrome, browserVersion: 81.0.4044.92, chrome: {chromedriverVersion: 80.0.3987.106 (f68069574609..., userDataDir: /var/folders/gf/rkb70w0d64l...}, goog:chromeOptions: {debuggerAddress: localhost:54926}, javascriptEnabled: true, networkConnectionEnabled: false, pageLoadStrategy: normal, platform: MAC, platformName: MAC, proxy: Proxy(), setWindowRect: true, strictFileInteractability: false, timeouts: {implicit: 0, pageLoad: 300000, script: 30000}, unhandledPromptBehavior: dismiss and notify}
Session ID: c4e4c1f6e5ba05c42771f77c5aab58f3
	at org.openqa.selenium.support.ui.WebDriverWait.timeoutException(WebDriverWait.java:95)
	at org.openqa.selenium.support.ui.FluentWait.until(FluentWait.java:272)
	at com.qa.HubSpotUtil.ElementsUtil.waitForTitle(ElementsUtil.java:38)
	at com.qa.HubSpotUIPages.HubSpotHomePage.getHomePageTitle(HubSpotHomePage.java:30)
	at com.qa.HubspotTestCases.HubSpotHomeTest.getHomePageTitleTest(HubSpotHomeTest.java:47)
	at sun.reflect.NativeMethodAccessorImpl.invoke0(Native Method)
	at sun.reflect.NativeMethodAccessorImpl.invoke(NativeMethodAccessorImpl.java:62)
	at sun.reflect.DelegatingMethodAccessorImpl.invoke(DelegatingMethodAccessorImpl.java:43)
	at java.lang.reflect.Method.invoke(Method.java:498)
	at org.testng.internal.MethodInvocationHelper.invokeMethod(MethodInvocationHelper.java:80)
	at org.testng.internal.Invoker.invokeMethod(Invoker.java:714)
	at org.testng.internal.Invoker.invokeTestMethod(Invoker.java:901)
	at org.testng.internal.Invoker.invokeTestMethods(Invoker.java:1231)
	at org.testng.internal.TestMethodWorker.invokeTestMethods(TestMethodWorker.java:127)
	at org.testng.internal.TestMethodWorker.run(TestMethodWorker.java:111)
	at org.testng.TestRunner.privateRun(TestRunner.java:767)
	at org.testng.TestRunner.run(TestRunner.java:617)
	at org.testng.SuiteRunner.runTest(SuiteRunner.java:334)
	at org.testng.SuiteRunner.runSequentially(SuiteRunner.java:329)
	at org.testng.SuiteRunner.privateRun(SuiteRunner.java:291)
	at org.testng.SuiteRunner.run(SuiteRunner.java:240)
	at org.testng.SuiteRunnerWorker.runSuite(SuiteRunnerWorker.java:52)
	at org.testng.SuiteRunnerWorker.run(SuiteRunnerWorker.java:86)
	at org.testng.TestNG.runSuitesSequentially(TestNG.java:1198)
	at org.testng.TestNG.runSuitesLocally(TestNG.java:1123)
	at org.testng.TestNG.run(TestNG.java:1031)
	at org.testng.remote.AbstractRemoteTestNG.run(AbstractRemoteTestNG.java:115)
	at org.testng.remote.RemoteTestNG.initAndRun(RemoteTestNG.java:251)
	at org.testng.remote.RemoteTestNG.main(RemoteTestNG.java:77)
"</b><br>org.openqa.selenium.support.ui.WebDriverWait.timeoutException(WebDriverWait.java:95)<br>org.openqa.selenium.support.ui.FluentWait.until(FluentWait.java:272)<br>com.qa.HubSpotUtil.ElementsUtil.waitForTitle(ElementsUtil.java:38)<br>com.qa.HubSpotUIPages.HubSpotHomePage.getHomePageTitle(HubSpotHomePage.java:30)<br>com.qa.HubspotTestCases.HubSpotHomeTest.getHomePageTitleTest(HubSpotHomeTest.java:47)<br>sun.reflect.NativeMethodAccessorImpl.invoke0(Native Method)<br>sun.reflect.NativeMethodAccessorImpl.invoke(NativeMethodAccessorImpl.java:62)<br>sun.reflect.DelegatingMethodAccessorImpl.invoke(DelegatingMethodAccessorImpl.java:43)<br>java.lang.reflect.Method.invoke(Method.java:498)<br>org.testng.internal.MethodInvocationHelper.invokeMethod(MethodInvocationHelper.java:80)<br>org.testng.internal.Invoker.invokeMethod(Invoker.java:714)<br>org.testng.internal.Invoker.invokeTestMethod(Invoker.java:901)<br>org.testng.internal.Invoker.invokeTestMethods(Invoker.java:1231)<br>org.testng.internal.TestMethodWorker.invokeTestMethods(TestMethodWorker.java:127)<br>org.testng.internal.TestMethodWorker.run(TestMethodWorker.java:111)<br>org.testng.TestRunner.privateRun(TestRunner.java:767)<br>org.testng.TestRunner.run(TestRunner.java:617)<br>org.testng.SuiteRunner.runTest(SuiteRunner.java:334)<br>org.testng.SuiteRunner.runSequentially(SuiteRunner.java:329)<br>org.testng.SuiteRunner.privateRun(SuiteRunner.java:291)<br>org.testng.SuiteRunner.run(SuiteRunner.java:240)<br>org.testng.SuiteRunnerWorker.runSuite(SuiteRunnerWorker.java:52)<br>org.testng.SuiteRunnerWorker.run(SuiteRunnerWorker.java:86)<br>org.testng.TestNG.runSuitesSequentially(TestNG.java:1198)<br>org.testng.TestNG.runSuitesLocally(TestNG.java:1123)<br>org.testng.TestNG.run(TestNG.java:1031)<br>org.testng.remote.AbstractRemoteTestNG.run(AbstractRemoteTestNG.java:115)<br>org.testng.remote.RemoteTestNG.initAndRun(RemoteTestNG.java:251)<br>org.testng.remote.RemoteTestNG.main(RemoteTestNG.java:77)<br>
</div> <!-- stack-trace -->
                </div> <!-- method-content -->
              </div> <!-- method -->
            </div> <!-- main-panel-content rounded-window-bottom -->
          </div> <!-- suite-_HubSpot_Application_Automation_Regression_Test_Suite-class-failed -->
          <div class="suite-_HubSpot_Application_Automation_Regression_Test_Suite-class-failed">
            <div class="main-panel-header rounded-window-top">
              <img src="failed.png"/>
              <span class="class-name">com.qa.HubspotTestCases.HubSpotLoginTest</span>
            </div> <!-- main-panel-header rounded-window-top -->
            <div class="main-panel-content rounded-window-bottom">
              <div class="method">
                <div class="method-content">
                  <a name="verifyLoginPageTitle">
                  </a> <!-- verifyLoginPageTitle -->
                  <span class="method-name">verifyLoginPageTitle</span>
                  <div class="stack-trace"><b>"org.openqa.selenium.TimeoutException: Expected condition failed: waiting for title to be &quot;HubSpot | Redirecting...&quot;. Current title: &quot;HubSpot Login&quot; (tried for 50 second(s) with 500 milliseconds interval)
Build info: version: &apos;3.141.59&apos;, revision: &apos;e82be7d358&apos;, time: &apos;2018-11-14T08:17:03&apos;
System info: host: &apos;AbolisMacBook-Pro.local&apos;, ip: &apos;fe80:0:0:0:fc:ecc4:5405:df6e%en0&apos;, os.name: &apos;Mac OS X&apos;, os.arch: &apos;x86_64&apos;, os.version: &apos;10.15.3&apos;, java.version: &apos;1.8.0_211&apos;
Driver info: org.openqa.selenium.chrome.ChromeDriver
Capabilities {acceptInsecureCerts: false, browserName: chrome, browserVersion: 81.0.4044.92, chrome: {chromedriverVersion: 80.0.3987.106 (f68069574609..., userDataDir: /var/folders/gf/rkb70w0d64l...}, goog:chromeOptions: {debuggerAddress: localhost:54992}, javascriptEnabled: true, networkConnectionEnabled: false, pageLoadStrategy: normal, platform: MAC, platformName: MAC, proxy: Proxy(), setWindowRect: true, strictFileInteractability: false, timeouts: {implicit: 0, pageLoad: 300000, script: 30000}, unhandledPromptBehavior: dismiss and notify}
Session ID: 9fd4378487ab64357273cc5f60147e1c
	at org.openqa.selenium.support.ui.WebDriverWait.timeoutException(WebDriverWait.java:95)
	at org.openqa.selenium.support.ui.FluentWait.until(FluentWait.java:272)
	at com.qa.HubSpotUtil.ElementsUtil.waitForTitle(ElementsUtil.java:38)
	at com.qa.HubSpotUIPages.HubSpotLoginPage.getTitle(HubSpotLoginPage.java:33)
	at com.qa.HubspotTestCases.HubSpotLoginTest.verifyLoginPageTitle(HubSpotLoginTest.java:47)
... Removed 24 stack frames<br/> org.openqa.selenium.TimeoutException: Expected condition failed: waiting for title to be &quot;HubSpot | Redirecting...&quot;. Current title: &quot;HubSpot Login&quot; (tried for 50 second(s) with 500 milliseconds interval)
Build info: version: &apos;3.141.59&apos;, revision: &apos;e82be7d358&apos;, time: &apos;2018-11-14T08:17:03&apos;
System info: host: &apos;AbolisMacBook-Pro.local&apos;, ip: &apos;fe80:0:0:0:fc:ecc4:5405:df6e%en0&apos;, os.name: &apos;Mac OS X&apos;, os.arch: &apos;x86_64&apos;, os.version: &apos;10.15.3&apos;, java.version: &apos;1.8.0_211&apos;
Driver info: org.openqa.selenium.chrome.ChromeDriver
Capabilities {acceptInsecureCerts: false, browserName: chrome, browserVersion: 81.0.4044.92, chrome: {chromedriverVersion: 80.0.3987.106 (f68069574609..., userDataDir: /var/folders/gf/rkb70w0d64l...}, goog:chromeOptions: {debuggerAddress: localhost:54992}, javascriptEnabled: true, networkConnectionEnabled: false, pageLoadStrategy: normal, platform: MAC, platformName: MAC, proxy: Proxy(), setWindowRect: true, strictFileInteractability: false, timeouts: {implicit: 0, pageLoad: 300000, script: 30000}, unhandledPromptBehavior: dismiss and notify}
Session ID: 9fd4378487ab64357273cc5f60147e1c
	at org.openqa.selenium.support.ui.WebDriverWait.timeoutException(WebDriverWait.java:95)
	at org.openqa.selenium.support.ui.FluentWait.until(FluentWait.java:272)
	at com.qa.HubSpotUtil.ElementsUtil.waitForTitle(ElementsUtil.java:38)
	at com.qa.HubSpotUIPages.HubSpotLoginPage.getTitle(HubSpotLoginPage.java:33)
	at com.qa.HubspotTestCases.HubSpotLoginTest.verifyLoginPageTitle(HubSpotLoginTest.java:47)
	at sun.reflect.NativeMethodAccessorImpl.invoke0(Native Method)
	at sun.reflect.NativeMethodAccessorImpl.invoke(NativeMethodAccessorImpl.java:62)
	at sun.reflect.DelegatingMethodAccessorImpl.invoke(DelegatingMethodAccessorImpl.java:43)
	at java.lang.reflect.Method.invoke(Method.java:498)
	at org.testng.internal.MethodInvocationHelper.invokeMethod(MethodInvocationHelper.java:80)
	at org.testng.internal.Invoker.invokeMethod(Invoker.java:714)
	at org.testng.internal.Invoker.invokeTestMethod(Invoker.java:901)
	at org.testng.internal.Invoker.invokeTestMethods(Invoker.java:1231)
	at org.testng.internal.TestMethodWorker.invokeTestMethods(TestMethodWorker.java:127)
	at org.testng.internal.TestMethodWorker.run(TestMethodWorker.java:111)
	at org.testng.TestRunner.privateRun(TestRunner.java:767)
	at org.testng.TestRunner.run(TestRunner.java:617)
	at org.testng.SuiteRunner.runTest(SuiteRunner.java:334)
	at org.testng.SuiteRunner.runSequentially(SuiteRunner.java:329)
	at org.testng.SuiteRunner.privateRun(SuiteRunner.java:291)
	at org.testng.SuiteRunner.run(SuiteRunner.java:240)
	at org.testng.SuiteRunnerWorker.runSuite(SuiteRunnerWorker.java:52)
	at org.testng.SuiteRunnerWorker.run(SuiteRunnerWorker.java:86)
	at org.testng.TestNG.runSuitesSequentially(TestNG.java:1198)
	at org.testng.TestNG.runSuitesLocally(TestNG.java:1123)
	at org.testng.TestNG.run(TestNG.java:1031)
	at org.testng.remote.AbstractRemoteTestNG.run(AbstractRemoteTestNG.java:115)
	at org.testng.remote.RemoteTestNG.initAndRun(RemoteTestNG.java:251)
	at org.testng.remote.RemoteTestNG.main(RemoteTestNG.java:77)
"</b><br>org.openqa.selenium.support.ui.WebDriverWait.timeoutException(WebDriverWait.java:95)<br>org.openqa.selenium.support.ui.FluentWait.until(FluentWait.java:272)<br>com.qa.HubSpotUtil.ElementsUtil.waitForTitle(ElementsUtil.java:38)<br>com.qa.HubSpotUIPages.HubSpotLoginPage.getTitle(HubSpotLoginPage.java:33)<br>com.qa.HubspotTestCases.HubSpotLoginTest.verifyLoginPageTitle(HubSpotLoginTest.java:47)<br>sun.reflect.NativeMethodAccessorImpl.invoke0(Native Method)<br>sun.reflect.NativeMethodAccessorImpl.invoke(NativeMethodAccessorImpl.java:62)<br>sun.reflect.DelegatingMethodAccessorImpl.invoke(DelegatingMethodAccessorImpl.java:43)<br>java.lang.reflect.Method.invoke(Method.java:498)<br>org.testng.internal.MethodInvocationHelper.invokeMethod(MethodInvocationHelper.java:80)<br>org.testng.internal.Invoker.invokeMethod(Invoker.java:714)<br>org.testng.internal.Invoker.invokeTestMethod(Invoker.java:901)<br>org.testng.internal.Invoker.invokeTestMethods(Invoker.java:1231)<br>org.testng.internal.TestMethodWorker.invokeTestMethods(TestMethodWorker.java:127)<br>org.testng.internal.TestMethodWorker.run(TestMethodWorker.java:111)<br>org.testng.TestRunner.privateRun(TestRunner.java:767)<br>org.testng.TestRunner.run(TestRunner.java:617)<br>org.testng.SuiteRunner.runTest(SuiteRunner.java:334)<br>org.testng.SuiteRunner.runSequentially(SuiteRunner.java:329)<br>org.testng.SuiteRunner.privateRun(SuiteRunner.java:291)<br>org.testng.SuiteRunner.run(SuiteRunner.java:240)<br>org.testng.SuiteRunnerWorker.runSuite(SuiteRunnerWorker.java:52)<br>org.testng.SuiteRunnerWorker.run(SuiteRunnerWorker.java:86)<br>org.testng.TestNG.runSuitesSequentially(TestNG.java:1198)<br>org.testng.TestNG.runSuitesLocally(TestNG.java:1123)<br>org.testng.TestNG.run(TestNG.java:1031)<br>org.testng.remote.AbstractRemoteTestNG.run(AbstractRemoteTestNG.java:115)<br>org.testng.remote.RemoteTestNG.initAndRun(RemoteTestNG.java:251)<br>org.testng.remote.RemoteTestNG.main(RemoteTestNG.java:77)<br>
</div> <!-- stack-trace -->
                </div> <!-- method-content -->
              </div> <!-- method -->
            </div> <!-- main-panel-content rounded-window-bottom -->
          </div> <!-- suite-_HubSpot_Application_Automation_Regression_Test_Suite-class-failed -->
          <div class="suite-_HubSpot_Application_Automation_Regression_Test_Suite-class-passed">
            <div class="main-panel-header rounded-window-top">
              <img src="passed.png"/>
              <span class="class-name">com.qa.HubspotTestCases.HubSpotHomeTest</span>
            </div> <!-- main-panel-header rounded-window-top -->
            <div class="main-panel-content rounded-window-bottom">
              <div class="method">
                <div class="method-content">
                  <a name="getUserNameTest">
                  </a> <!-- getUserNameTest -->
                  <span class="method-name">getUserNameTest</span>
                </div> <!-- method-content -->
              </div> <!-- method -->
              <div class="method">
                <div class="method-content">
                  <a name="homePageHeaderTest">
                  </a> <!-- homePageHeaderTest -->
                  <span class="method-name">homePageHeaderTest</span>
                </div> <!-- method-content -->
              </div> <!-- method -->
            </div> <!-- main-panel-content rounded-window-bottom -->
          </div> <!-- suite-_HubSpot_Application_Automation_Regression_Test_Suite-class-passed -->
          <div class="suite-_HubSpot_Application_Automation_Regression_Test_Suite-class-passed">
            <div class="main-panel-header rounded-window-top">
              <img src="passed.png"/>
              <span class="class-name">com.qa.HubspotTestCases.HubSpotLoginTest</span>
            </div> <!-- main-panel-header rounded-window-top -->
            <div class="main-panel-content rounded-window-bottom">
              <div class="method">
                <div class="method-content">
                  <a name="loginTest">
                  </a> <!-- loginTest -->
                  <span class="method-name">loginTest</span>
                </div> <!-- method-content -->
              </div> <!-- method -->
              <div class="method">
                <div class="method-content">
                  <a name="verifySignUpLink">
                  </a> <!-- verifySignUpLink -->
                  <span class="method-name">verifySignUpLink</span>
                </div> <!-- method-content -->
              </div> <!-- method -->
            </div> <!-- main-panel-content rounded-window-bottom -->
          </div> <!-- suite-_HubSpot_Application_Automation_Regression_Test_Suite-class-passed -->
        </div> <!-- panel _HubSpot_Application_Automation_Regression_Test_Suite -->
        <div panel-name="test-xml-_HubSpot_Application_Automation_Regression_Test_Suite" class="panel">
          <div class="main-panel-header rounded-window-top">
            <span class="header-content">/Users/aboli/Documents/Selenium_workgroup/HubSpotProject/src/test/resources/TestRunners/testNG.xml</span>
          </div> <!-- main-panel-header rounded-window-top -->
          <div class="main-panel-content rounded-window-bottom">
            <pre>
&lt;?xml version=&quot;1.0&quot; encoding=&quot;UTF-8&quot;?&gt;
&lt;!DOCTYPE suite SYSTEM &quot;http://testng.org/testng-1.0.dtd&quot;&gt;
&lt;suite name=&quot; HubSpot Application Automation Regression Test Suite&quot;&gt;
  &lt;listeners&gt;
    &lt;listener class-name=&quot;com.qa.extentReportListner.ExtentReporterNG&quot;/&gt;
    &lt;listener class-name=&quot;com.qa.extentReportListner.TestAllureListener&quot;/&gt;
  &lt;/listeners&gt;
  &lt;test name=&quot;HubSpot Application Automation regression Test&quot;&gt;
    &lt;classes&gt;
      &lt;class name=&quot;com.qa.HubspotTestCases.HubSpotLoginTest&quot;/&gt;
      &lt;class name=&quot;com.qa.HubspotTestCases.HubSpotHomeTest&quot;/&gt;
    &lt;/classes&gt;
  &lt;/test&gt; &lt;!-- HubSpot Application Automation regression Test --&gt;
&lt;/suite&gt; &lt;!--  HubSpot Application Automation Regression Test Suite --&gt;
            </pre>
          </div> <!-- main-panel-content rounded-window-bottom -->
        </div> <!-- panel -->
        <div panel-name="testlist-_HubSpot_Application_Automation_Regression_Test_Suite" class="panel">
          <div class="main-panel-header rounded-window-top">
            <span class="header-content">Tests for  HubSpot Application Automation Regression Test Suite</span>
          </div> <!-- main-panel-header rounded-window-top -->
          <div class="main-panel-content rounded-window-bottom">
            <ul>
              <li>
                <span class="test-name">HubSpot Application Automation regression Test (2 classes)</span>
              </li>
            </ul>
          </div> <!-- main-panel-content rounded-window-bottom -->
        </div> <!-- panel -->
        <div panel-name="group-_HubSpot_Application_Automation_Regression_Test_Suite" class="panel">
          <div class="main-panel-header rounded-window-top">
            <span class="header-content">Groups for  HubSpot Application Automation Regression Test Suite</span>
          </div> <!-- main-panel-header rounded-window-top -->
          <div class="main-panel-content rounded-window-bottom">
          </div> <!-- main-panel-content rounded-window-bottom -->
        </div> <!-- panel -->
        <div panel-name="times-_HubSpot_Application_Automation_Regression_Test_Suite" class="panel">
          <div class="main-panel-header rounded-window-top">
            <span class="header-content">Times for  HubSpot Application Automation Regression Test Suite</span>
          </div> <!-- main-panel-header rounded-window-top -->
          <div class="main-panel-content rounded-window-bottom">
            <div class="times-div">
              <script type="text/javascript">
suiteTableInitFunctions.push('tableData__HubSpot_Application_Automation_Regression_Test_Suite');
function tableData__HubSpot_Application_Automation_Regression_Test_Suite() {
var data = new google.visualization.DataTable();
data.addColumn('number', 'Number');
data.addColumn('string', 'Method');
data.addColumn('string', 'Class');
data.addColumn('number', 'Time (ms)');
data.addRows(6);
data.setCell(0, 0, 0)
data.setCell(0, 1, 'verifyLoginPageTitle')
data.setCell(0, 2, 'com.qa.HubspotTestCases.HubSpotLoginTest')
data.setCell(0, 3, 60126);
data.setCell(1, 0, 1)
data.setCell(1, 1, 'getHomePageTitleTest')
data.setCell(1, 2, 'com.qa.HubspotTestCases.HubSpotHomeTest')
data.setCell(1, 3, 60085);
data.setCell(2, 0, 2)
data.setCell(2, 1, 'loginTest')
data.setCell(2, 2, 'com.qa.HubspotTestCases.HubSpotLoginTest')
data.setCell(2, 3, 12523);
data.setCell(3, 0, 3)
data.setCell(3, 1, 'getUserNameTest')
data.setCell(3, 2, 'com.qa.HubspotTestCases.HubSpotHomeTest')
data.setCell(3, 3, 11470);
data.setCell(4, 0, 4)
data.setCell(4, 1, 'homePageHeaderTest')
data.setCell(4, 2, 'com.qa.HubspotTestCases.HubSpotHomeTest')
data.setCell(4, 3, 10755);
data.setCell(5, 0, 5)
data.setCell(5, 1, 'verifySignUpLink')
data.setCell(5, 2, 'com.qa.HubspotTestCases.HubSpotLoginTest')
data.setCell(5, 3, 10720);
window.suiteTableData['_HubSpot_Application_Automation_Regression_Test_Suite']= { tableData: data, tableDiv: 'times-div-_HubSpot_Application_Automation_Regression_Test_Suite'}
return data;
}
              </script>
              <span class="suite-total-time">Total running time: 2 minutes</span>
              <div id="times-div-_HubSpot_Application_Automation_Regression_Test_Suite">
              </div> <!-- times-div-_HubSpot_Application_Automation_Regression_Test_Suite -->
            </div> <!-- times-div -->
          </div> <!-- main-panel-content rounded-window-bottom -->
        </div> <!-- panel -->
        <div panel-name="reporter-_HubSpot_Application_Automation_Regression_Test_Suite" class="panel">
          <div class="main-panel-header rounded-window-top">
            <span class="header-content">Reporter output for  HubSpot Application Automation Regression Test Suite</span>
          </div> <!-- main-panel-header rounded-window-top -->
          <div class="main-panel-content rounded-window-bottom">
          </div> <!-- main-panel-content rounded-window-bottom -->
        </div> <!-- panel -->
        <div panel-name="ignored-methods-_HubSpot_Application_Automation_Regression_Test_Suite" class="panel">
          <div class="main-panel-header rounded-window-top">
            <span class="header-content">1 ignored method</span>
          </div> <!-- main-panel-header rounded-window-top -->
          <div class="main-panel-content rounded-window-bottom">
            <div class="ignored-class-div">
              <span class="ignored-class-name">com.qa.HubspotTestCases.HubSpotLoginTest</span>
              <div class="ignored-methods-div">
                <span class="ignored-method-name">loginTestInvalidCredetials1</span>
                <br/>
              </div> <!-- ignored-methods-div -->
            </div> <!-- ignored-class-div -->
          </div> <!-- main-panel-content rounded-window-bottom -->
        </div> <!-- panel -->
        <div panel-name="chronological-_HubSpot_Application_Automation_Regression_Test_Suite" class="panel">
          <div class="main-panel-header rounded-window-top">
            <span class="header-content">Methods in chronological order</span>
          </div> <!-- main-panel-header rounded-window-top -->
          <div class="main-panel-content rounded-window-bottom">
            <div class="chronological-class">
              <div class="chronological-class-name">com.qa.HubspotTestCases.HubSpotHomeTest</div> <!-- chronological-class-name -->
              <div class="configuration-test before">
                <span class="method-name">setup</span>
                <span class="method-start">0 ms</span>
              </div> <!-- configuration-test before -->
            </div> <!-- chronological-class -->
            <div class="chronological-class">
              <div class="chronological-class-name">com.qa.HubspotTestCases.HubSpotLoginTest</div> <!-- chronological-class-name -->
              <div class="configuration-test before">
                <span class="method-name">setup</span>
                <span class="method-start">13218 ms</span>
              </div> <!-- configuration-test before -->
              <div class="test-method">
                <img src="failed.png">
                </img>
                <span class="method-name">verifyLoginPageTitle</span>
                <span class="method-start">16498 ms</span>
              </div> <!-- test-method -->
              <div class="test-method">
                <span class="method-name">verifySignUpLink</span>
                <span class="method-start">81670 ms</span>
              </div> <!-- test-method -->
              <div class="test-method">
                <span class="method-name">loginTest</span>
                <span class="method-start">92392 ms</span>
              </div> <!-- test-method -->
            </div> <!-- chronological-class -->
            <div class="chronological-class">
              <div class="chronological-class-name">com.qa.HubspotTestCases.HubSpotHomeTest</div> <!-- chronological-class-name -->
              <div class="test-method">
                <img src="failed.png">
                </img>
                <span class="method-name">getHomePageTitleTest</span>
                <span class="method-start">104918 ms</span>
              </div> <!-- test-method -->
              <div class="test-method">
                <span class="method-name">homePageHeaderTest</span>
                <span class="method-start">170021 ms</span>
              </div> <!-- test-method -->
              <div class="test-method">
                <span class="method-name">getUserNameTest</span>
                <span class="method-start">180778 ms</span>
              </div> <!-- test-method -->
              <div class="configuration-test after">
                <span class="method-name">tearDown</span>
                <span class="method-start">192250 ms</span>
              </div> <!-- configuration-test after -->
            </div> <!-- chronological-class -->
            <div class="chronological-class">
              <div class="chronological-class-name">com.qa.HubspotTestCases.HubSpotLoginTest</div> <!-- chronological-class-name -->
              <div class="configuration-test after">
                <span class="method-name">tearDown</span>
                <span class="method-start">192398 ms</span>
              </div> <!-- configuration-test after -->
          </div> <!-- main-panel-content rounded-window-bottom -->
        </div> <!-- panel -->
      </div> <!-- main-panel-root -->
    </div> <!-- wrapper -->
  </body>
</html>
